<?xml version="1.0" encoding="UTF-8"?>
<!-- Generated by org.testng.reporters.JUnitReportReporter -->
<testsuite skipped="0" hostname="DESKTOP-1V048LS" name="Test.TestNG_Demo" tests="3" failures="0" timestamp="2021-05-23T01:11:30 PDT" time="17.650" errors="0">
  <testcase name="InvalidPassword" time="6.286" classname="Test.TestNG_Demo"/>
  <system-out/>
  <testcase name="InvalidUserId" time="7.058" classname="Test.TestNG_Demo"/>
  <system-out/>
  <testcase name="InvalidUser" time="4.306" classname="Test.TestNG_Demo"/>
  <system-out/>
</testsuite> <!-- Test.TestNG_Demo -->
