<?xml version="1.0" encoding="UTF-8"?>
<!-- Generated by org.testng.reporters.JUnitReportReporter -->
<testsuite skipped="0" hostname="DESKTOP-1V048LS" name="Test.ET" tests="3" failures="0" timestamp="2021-05-23T23:04:30 PDT" time="26.160" errors="0">
  <testcase name="test2" time="7.147" classname="Test.ET"/>
  <system-out/>
  <testcase name="test1" time="9.204" classname="Test.ET"/>
  <system-out/>
  <testcase name="test3" time="9.809" classname="Test.ET"/>
  <system-out/>
</testsuite> <!-- Test.ET -->
